<?xml version="1.0" encoding="UTF-8"?>
<!-- Generated by org.testng.reporters.JUnitReportReporter -->
<testsuite hostname="DESKTOP-II4SG9A" failures="0" tests="7" name="org.test.Annotations" time="0.060" errors="0" timestamp="2025-01-13T19:50:52 IST" skipped="1">
  <testcase classname="org.test.Annotations" name="Test2" time="0.019"/>
  <testcase classname="org.test.Annotations" name="Test1" time="0.013"/>
  <testcase classname="org.test.Annotations" name="ATest" time="0.003"/>
  <testcase classname="org.test.Annotations" name="Test3" time="0.013"/>
  <testcase classname="org.test.Annotations" name="ATest" time="0.005"/>
  <testcase classname="org.test.Annotations" name="ATest" time="0.007"/>
  <testcase classname="org.test.Annotations" name="Test">
    <skipped/>
  </testcase> <!-- Test -->
</testsuite> <!-- org.test.Annotations -->
