<?xml version="1.0" encoding="UTF-8"?>
<!-- Generated by org.testng.reporters.JUnitReportReporter -->
<testsuite hostname="DESKTOP-II4SG9A" failures="0" tests="3" name="org.test.DataProviderExample" time="3.396" errors="0" timestamp="2025-01-13T19:13:41 IST" skipped="0">
  <testcase classname="org.test.DataProviderExample" name="Test" time="0.817"/>
  <testcase classname="org.test.DataProviderExample" name="Test" time="1.379"/>
  <testcase classname="org.test.DataProviderExample" name="Test" time="1.200"/>
</testsuite> <!-- org.test.DataProviderExample -->
