<?xml version="1.0" encoding="UTF-8"?>
<!-- Generated by org.testng.reporters.JUnitReportReporter -->
<testsuite hostname="DESKTOP-II4SG9A" failures="0" tests="7" name="org.test.Annotations" time="0.273" errors="0" timestamp="2025-01-10T19:55:27 IST" skipped="1">
  <testcase classname="org.test.Annotations" name="Test2" time="0.056"/>
  <testcase classname="org.test.Annotations" name="Test1" time="0.013"/>
  <testcase classname="org.test.Annotations" name="Test3" time="0.016"/>
  <testcase classname="org.test.Annotations" name="ATest" time="0.041"/>
  <testcase classname="org.test.Annotations" name="ATest" time="0.038"/>
  <testcase classname="org.test.Annotations" name="ATest" time="0.109"/>
  <testcase classname="org.test.Annotations" name="Test">
    <skipped/>
  </testcase> <!-- Test -->
</testsuite> <!-- org.test.Annotations -->
